2024-11-11 03:18:09,765 - INFO - Starting skin segmentation process...
2024-11-11 03:18:09,765 - INFO - Found 12 images to process
2024-11-11 03:18:09,765 - INFO - Processing image 1/12: Cara-Delevingne.jpg
2024-11-11 03:18:13,359 - INFO - Successfully processed Cara-Delevingne.jpg
2024-11-11 03:18:13,359 - INFO - Processing image 2/12: CEOportrait_0101.jpg
2024-11-11 03:18:24,595 - INFO - Successfully processed CEOportrait_0101.jpg
2024-11-11 03:18:24,595 - INFO - Processing image 3/12: fdsjbfyq2h331.jpg
2024-11-11 03:18:25,170 - INFO - Successfully processed fdsjbfyq2h331.jpg
2024-11-11 03:18:25,170 - INFO - Processing image 4/12: images.jpg
2024-11-11 03:18:25,679 - INFO - Successfully processed images.jpg
2024-11-11 03:18:25,680 - INFO - Processing image 5/12: Iman.jpg
2024-11-11 03:18:26,333 - INFO - Successfully processed Iman.jpg
2024-11-11 03:18:26,334 - INFO - Processing image 6/12: Jeremy_Meeks_Mug_Shot.jpg
2024-11-11 03:18:26,894 - INFO - Successfully processed Jeremy_Meeks_Mug_Shot.jpg
2024-11-11 03:18:26,894 - INFO - Processing image 7/12: Karla-Sanka.jpg
2024-11-11 03:18:27,880 - INFO - Successfully processed Karla-Sanka.jpg
2024-11-11 03:18:27,880 - INFO - Processing image 8/12: NH-Portrait-Photographer-Modeling-Portfolio-Cover-Shot-for-Abby_0035-683x1024.jpg
2024-11-11 03:18:28,699 - INFO - Successfully processed NH-Portrait-Photographer-Modeling-Portfolio-Cover-Shot-for-Abby_0035-683x1024.jpg
2024-11-11 03:18:28,699 - INFO - Processing image 9/12: pexels-alipazani.jpg
2024-11-11 03:18:56,531 - INFO - Successfully processed pexels-alipazani.jpg
2024-11-11 03:18:56,531 - INFO - Processing image 10/12: Playboi-Carti-Celebrity-Mugshot.jpg
2024-11-11 03:18:57,491 - INFO - Successfully processed Playboi-Carti-Celebrity-Mugshot.jpg
2024-11-11 03:18:57,491 - INFO - Processing image 11/12: ugiVlatlrEnuh47fFYKF.jpg
2024-11-11 03:18:59,264 - INFO - Successfully processed ugiVlatlrEnuh47fFYKF.jpg
2024-11-11 03:18:59,264 - INFO - Processing image 12/12: image-asset.jpeg
2024-11-11 03:19:31,811 - INFO - Successfully processed image-asset.jpeg
2024-11-11 03:19:31,816 - INFO - Processing completed successfully
