2024-11-11 03:13:19,950 - INFO - Starting skin segmentation process...
2024-11-11 03:13:19,951 - INFO - Found 12 images to process
2024-11-11 03:13:19,951 - INFO - Processing image 1/12: Cara-Delevingne.jpg
2024-11-11 03:13:22,159 - INFO - Successfully processed Cara-Delevingne.jpg
2024-11-11 03:13:22,162 - INFO - Processing image 2/12: CEOportrait_0101.jpg
2024-11-11 03:13:26,971 - INFO - Successfully processed CEOportrait_0101.jpg
2024-11-11 03:13:26,972 - INFO - Processing image 3/12: fdsjbfyq2h331.jpg
2024-11-11 03:13:27,530 - INFO - Successfully processed fdsjbfyq2h331.jpg
2024-11-11 03:13:27,530 - INFO - Processing image 4/12: images.jpg
2024-11-11 03:13:28,197 - INFO - Successfully processed images.jpg
2024-11-11 03:13:28,198 - INFO - Processing image 5/12: Iman.jpg
2024-11-11 03:13:29,086 - INFO - Successfully processed Iman.jpg
2024-11-11 03:13:29,088 - INFO - Processing image 6/12: Jeremy_Meeks_Mug_Shot.jpg
2024-11-11 03:13:29,625 - INFO - Successfully processed Jeremy_Meeks_Mug_Shot.jpg
2024-11-11 03:13:29,625 - INFO - Processing image 7/12: Karla-Sanka.jpg
2024-11-11 03:13:30,471 - INFO - Successfully processed Karla-Sanka.jpg
2024-11-11 03:13:30,471 - INFO - Processing image 8/12: NH-Portrait-Photographer-Modeling-Portfolio-Cover-Shot-for-Abby_0035-683x1024.jpg
2024-11-11 03:13:31,405 - INFO - Successfully processed NH-Portrait-Photographer-Modeling-Portfolio-Cover-Shot-for-Abby_0035-683x1024.jpg
2024-11-11 03:13:31,406 - INFO - Processing image 9/12: pexels-alipazani.jpg
2024-11-11 03:13:43,684 - INFO - Successfully processed pexels-alipazani.jpg
2024-11-11 03:13:43,684 - INFO - Processing image 10/12: Playboi-Carti-Celebrity-Mugshot.jpg
2024-11-11 03:13:44,531 - INFO - Successfully processed Playboi-Carti-Celebrity-Mugshot.jpg
2024-11-11 03:13:44,531 - INFO - Processing image 11/12: ugiVlatlrEnuh47fFYKF.jpg
2024-11-11 03:13:45,627 - INFO - Successfully processed ugiVlatlrEnuh47fFYKF.jpg
2024-11-11 03:13:45,628 - INFO - Processing image 12/12: image-asset.jpeg
2024-11-11 03:14:04,595 - INFO - Successfully processed image-asset.jpeg
2024-11-11 03:14:04,601 - INFO - Processing completed successfully
